<?xml version="1.0" encoding="UTF-8"?>
<!-- Generated by org.testng.reporters.JUnitXMLReporter -->
<testsuite hostname="THP_ManojJ" failures="0" tests="3" name="celebration" time="118.144" errors="0" timestamp="17 May 2023 14:41:16 GMT">
  <testcase classname="RegressionSuit.VerifycelebrationPage" name="verifybirthannouncement" time="30.496"/>
  <testcase classname="RegressionSuit.VerifycelebrationPage" name="verifybirthdays" time="21.444"/>
  <testcase classname="RegressionSuit.VerifycelebrationPage" name="verifyanniversaries" time="40.159"/>
</testsuite> <!-- celebration -->
