<?xml version="1.0" encoding="UTF-8"?>
<!-- Generated by org.testng.reporters.JUnitXMLReporter -->
<testsuite hostname="THP_ManojJ" failures="1" tests="3" name="Deletepost" time="48.192" errors="0" timestamp="19 May 2023 05:41:10 GMT">
  <testcase classname="RegressionSuit.VerifyDeletePost" name="verifyDeletePost" time="12.01"/>
  <testcase classname="RegressionSuit.VerifyDeletePost" name="testCommentcount" time="3.055"/>
  <testcase classname="RegressionSuit.VerifyDeletePost" name="CommentWitheReaction" time="0.002">
    <failure type="java.lang.Error" message="Unresolved compilation problems: 
	ExpectedConditions cannot be resolved
	JavascriptExecutor cannot be resolved to a type
	JavascriptExecutor cannot be resolved to a type
	Actions cannot be resolved to a type
	Actions cannot be resolved to a type
	ExpectedConditions cannot be resolved
	JavascriptExecutor cannot be resolved to a type
	JavascriptExecutor cannot be resolved to a type
	Actions cannot be resolved to a type
	Actions cannot be resolved to a type
">
      <![CDATA[java.lang.Error: Unresolved compilation problems: 
	ExpectedConditions cannot be resolved
	JavascriptExecutor cannot be resolved to a type
	JavascriptExecutor cannot be resolved to a type
	Actions cannot be resolved to a type
	Actions cannot be resolved to a type
	ExpectedConditions cannot be resolved
	JavascriptExecutor cannot be resolved to a type
	JavascriptExecutor cannot be resolved to a type
	Actions cannot be resolved to a type
	Actions cannot be resolved to a type

	at RegressionSuit.VerifyDeletePost.CommentWitheReaction(VerifyDeletePost.java:89)
... Removed 24 stack frames]]>
    </failure>
  </testcase> <!-- CommentWitheReaction -->
</testsuite> <!-- Deletepost -->
