<?xml version="1.0" encoding="UTF-8"?>
<!-- Generated by org.testng.reporters.JUnitXMLReporter -->
<testsuite hostname="THP_ManojJ" failures="0" tests="2" name="ReactionComment1" time="100.126" errors="0" timestamp="17 May 2023 14:42:56 GMT">
  <testcase classname="RegressionSuit.VerifyReactionComment1" name="verifyReactionElementZeroGreaterThenOne" time="39.505"/>
  <testcase classname="RegressionSuit.VerifyReactionComment1" name="verifyTestReactionElementYou" time="37.095"/>
</testsuite> <!-- ReactionComment1 -->
