<?xml version="1.0" encoding="UTF-8"?>
<!-- Generated by org.testng.reporters.JUnitXMLReporter -->
<testsuite hostname="THP_ManojJ" failures="0" tests="4" name="VerifyLoginPage" time="0.05" errors="0" timestamp="19 May 2023 05:37:14 GMT">
  <testcase classname="RegressionSuit.VerifyLoginPage" name="@BeforeClass launchBrowser" time="0.0">
    <failure type="java.lang.Error" message="Unresolved compilation problem: 
	Pojo cannot be resolved
">
      <![CDATA[java.lang.Error: Unresolved compilation problem: 
	Pojo cannot be resolved

	at RegressionSuit.VerifyLoginPage.launchBrowser(VerifyLoginPage.java:23)
... Removed 24 stack frames]]>
    </failure>
  </testcase> <!-- @BeforeClass launchBrowser -->
  <testcase classname="RegressionSuit.VerifyLoginPage" name="@BeforeMethod goToLoginPage" time="0.0">
    <skipped/>
  </testcase> <!-- @BeforeMethod goToLoginPage -->
  <testcase classname="RegressionSuit.VerifyLoginPage" name="@AfterMethod goToMainPage" time="0.0">
    <skipped/>
  </testcase> <!-- @AfterMethod goToMainPage -->
  <testcase classname="RegressionSuit.VerifyLoginPage" name="@BeforeMethod goToLoginPage" time="0.0">
    <skipped/>
  </testcase> <!-- @BeforeMethod goToLoginPage -->
  <testcase classname="RegressionSuit.VerifyLoginPage" name="@AfterMethod goToMainPage" time="0.0">
    <skipped/>
  </testcase> <!-- @AfterMethod goToMainPage -->
  <testcase classname="RegressionSuit.VerifyLoginPage" name="@BeforeMethod goToLoginPage" time="0.0">
    <skipped/>
  </testcase> <!-- @BeforeMethod goToLoginPage -->
  <testcase classname="RegressionSuit.VerifyLoginPage" name="@AfterMethod goToMainPage" time="0.0">
    <skipped/>
  </testcase> <!-- @AfterMethod goToMainPage -->
  <testcase classname="RegressionSuit.VerifyLoginPage" name="@BeforeMethod goToLoginPage" time="0.0">
    <skipped/>
  </testcase> <!-- @BeforeMethod goToLoginPage -->
  <testcase classname="RegressionSuit.VerifyLoginPage" name="@AfterMethod goToMainPage" time="0.0">
    <skipped/>
  </testcase> <!-- @AfterMethod goToMainPage -->
  <testcase classname="RegressionSuit.VerifyLoginPage" name="verifyLoginWithValidUserNameAndPassword" time="0.001">
    <skipped/>
  </testcase> <!-- verifyLoginWithValidUserNameAndPassword -->
  <testcase classname="RegressionSuit.VerifyLoginPage" name="verifyLoginWithInvalidUsernameAndInvalidPassword" time="0.001">
    <skipped/>
  </testcase> <!-- verifyLoginWithInvalidUsernameAndInvalidPassword -->
  <testcase classname="RegressionSuit.VerifyLoginPage" name="verifyLoginWithInvalidUsernameAndvalidPassword" time="0.001">
    <skipped/>
  </testcase> <!-- verifyLoginWithInvalidUsernameAndvalidPassword -->
  <testcase classname="RegressionSuit.VerifyLoginPage" name="verifyLoginWithValidUsernameAndInvalidPassword" time="0.001">
    <skipped/>
  </testcase> <!-- verifyLoginWithValidUsernameAndInvalidPassword -->
</testsuite> <!-- VerifyLoginPage -->
