<?xml version="1.0" encoding="UTF-8"?>
<!-- Generated by org.testng.reporters.JUnitXMLReporter -->
<testsuite hostname="THP_ManojJ" failures="0" tests="4" name="VerifyLoginPage" time="30.422" errors="0" timestamp="17 May 2023 14:25:37 GMT">
  <testcase classname="RegressionSuit.VerifyLoginPage" name="verifyLoginWithValidUserNameAndPassword" time="0.457"/>
  <testcase classname="RegressionSuit.VerifyLoginPage" name="verifyLoginWithInvalidUsernameAndInvalidPassword" time="0.411"/>
  <testcase classname="RegressionSuit.VerifyLoginPage" name="verifyLoginWithInvalidUsernameAndvalidPassword" time="0.289"/>
  <testcase classname="RegressionSuit.VerifyLoginPage" name="verifyLoginWithValidUsernameAndInvalidPassword" time="0.288"/>
</testsuite> <!-- VerifyLoginPage -->
